<?xml version="1.0" encoding="UTF-8"?>
<testng-results skipped="0" failed="0" ignored="0" total="3" passed="3">
  <reporter-output>
  </reporter-output>
  <suite name="Open cart test suite " duration-ms="36625" started-at="2021-06-20T10:46:03 IST" finished-at="2021-06-20T10:46:39 IST">
    <groups>
    </groups>
    <test name="Search different products" duration-ms="36625" started-at="2021-06-20T10:46:03 IST" finished-at="2021-06-20T10:46:39 IST">
      <class name="testngSessions.SearchProducts">
        <test-method status="PASS" signature="setup(java.lang.String, java.lang.String)[pri:0, instance:testngSessions.SearchProducts@6193932a]" name="setup" is-config="true" duration-ms="27399" started-at="2021-06-20T10:46:03 IST" finished-at="2021-06-20T10:46:30 IST">
          <params>
            <param index="0">
              <value>
                <![CDATA[chrome]]>
              </value>
            </param>
            <param index="1">
              <value>
                <![CDATA[https://demo.opencart.com/index.php?route=account/login]]>
              </value>
            </param>
          </params>
          <reporter-output>
          </reporter-output>
        </test-method> <!-- setup -->
        <test-method status="PASS" signature="loginToApp()[pri:0, instance:testngSessions.SearchProducts@6193932a]" name="loginToApp" is-config="true" duration-ms="3815" started-at="2021-06-20T10:46:30 IST" depends-on-methods="testngSessions.BaseTest.setup" finished-at="2021-06-20T10:46:34 IST">
          <reporter-output>
          </reporter-output>
        </test-method> <!-- loginToApp -->
        <test-method status="PASS" signature="register(java.lang.String)[pri:0, instance:testngSessions.SearchProducts@6193932a]" name="register" duration-ms="1701" started-at="2021-06-20T10:46:34 IST" data-provider="registerData" finished-at="2021-06-20T10:46:36 IST">
          <params>
            <param index="0">
              <value>
                <![CDATA[mac]]>
              </value>
            </param>
          </params>
          <reporter-output>
          </reporter-output>
        </test-method> <!-- register -->
        <test-method status="PASS" signature="register(java.lang.String)[pri:0, instance:testngSessions.SearchProducts@6193932a]" name="register" duration-ms="1397" started-at="2021-06-20T10:46:36 IST" data-provider="registerData" finished-at="2021-06-20T10:46:37 IST">
          <params>
            <param index="0">
              <value>
                <![CDATA[modem]]>
              </value>
            </param>
          </params>
          <reporter-output>
          </reporter-output>
        </test-method> <!-- register -->
        <test-method status="PASS" signature="register(java.lang.String)[pri:0, instance:testngSessions.SearchProducts@6193932a]" name="register" duration-ms="1369" started-at="2021-06-20T10:46:37 IST" data-provider="registerData" finished-at="2021-06-20T10:46:38 IST">
          <params>
            <param index="0">
              <value>
                <![CDATA[Monitors]]>
              </value>
            </param>
          </params>
          <reporter-output>
          </reporter-output>
        </test-method> <!-- register -->
        <test-method status="PASS" signature="tearDown()[pri:0, instance:testngSessions.SearchProducts@6193932a]" name="tearDown" is-config="true" duration-ms="910" started-at="2021-06-20T10:46:38 IST" finished-at="2021-06-20T10:46:39 IST">
          <reporter-output>
          </reporter-output>
        </test-method> <!-- tearDown -->
      </class> <!-- testngSessions.SearchProducts -->
    </test> <!-- Search different products -->
  </suite> <!-- Open cart test suite  -->
</testng-results>
